<?xml version="1.0" encoding="UTF-8"?>
<!-- Generated by org.testng.reporters.JUnitXMLReporter -->
<testsuite hostname="LAPTOP-D3528CHI" ignored="0" name="Default test" tests="4" failures="0" timestamp="19 May 2021 10:17:32 GMT" time="172.557" errors="0">
  <testcase name="forgot_password01" time="2.073" classname="com.qhl.testcases.ForgotPasswordTest"/>
  <testcase name="forgot_password02" time="5.885" classname="com.qhl.testcases.ForgotPasswordTest"/>
  <testcase name="forgot_password03" time="103.681" classname="com.qhl.testcases.ForgotPasswordTest"/>
  <testcase name="forgot_password04" time="35.153" classname="com.qhl.testcases.ForgotPasswordTest"/>
</testsuite> <!-- Default test -->
