<?xml version="1.0" encoding="UTF-8"?>
<!-- Generated by org.testng.reporters.JUnitXMLReporter -->
<testsuite hostname="LAPTOP-D3528CHI" ignored="0" name="Default test" tests="7" failures="0" timestamp="21 May 2021 07:01:45 GMT" time="62.354" errors="0">
  <testcase name="login01" time="0.283" classname="com.qhl.testcases.AppLogin"/>
  <testcase name="login02" time="0.085" classname="com.qhl.testcases.AppLogin"/>
  <testcase name="login03" time="0.08" classname="com.qhl.testcases.AppLogin"/>
  <testcase name="login04" time="4.471" classname="com.qhl.testcases.AppLogin"/>
  <testcase name="login05" time="5.312" classname="com.qhl.testcases.AppLogin"/>
  <testcase name="login06" time="7.182" classname="com.qhl.testcases.AppLogin"/>
  <testcase name="login07" time="18.643" classname="com.qhl.testcases.AppLogin"/>
</testsuite> <!-- Default test -->
